<?xml version="1.0" encoding="UTF-8" ?>
<testsuite tests="1" failures="0" name="pl.mlkmn.AppTests" time="0.267" errors="0" skipped="1">
  <properties>
[...]
</properties>
  <testcase classname="pl.mlkmn.AppTests" name="simple" time="0.267">
    <skipped/>
    <system-err>cze 24, 2015 8:16:38 PM org.springframework.test.context.web.WebTestContextBootstrapper getDefaultTestExecutionListenerClassNames
INFO: Loaded default TestExecutionListener class names from location [META-INF/spring.factories]: [org.springframework.test.context.web.ServletTestExecutionListener, org.springframework.test.context.support.DependencyInjectionTestExecutionListener, org.springframework.test.context.support.DirtiesContextTestExecutionListener, org.springframework.test.context.transaction.TransactionalTestExecutionListener, org.springframework.test.context.jdbc.SqlScriptsTestExecutionListener]
cze 24, 2015 8:16:38 PM org.springframework.test.context.web.WebTestContextBootstrapper instantiateListeners
INFO: Could not instantiate TestExecutionListener [org.springframework.test.context.transaction.TransactionalTestExecutionListener]. Specify custom listener classes or make the default listener classes (and their required dependencies) available. Offending class: [org/springframework/transaction/interceptor/TransactionAttributeSource]
cze 24, 2015 8:16:38 PM org.springframework.test.context.web.WebTestContextBootstrapper instantiateListeners
INFO: Could not instantiate TestExecutionListener [org.springframework.test.context.jdbc.SqlScriptsTestExecutionListener]. Specify custom listener classes or make the default listener classes (and their required dependencies) available. Offending class: [org/springframework/transaction/interceptor/TransactionAttribute]
cze 24, 2015 8:16:38 PM org.springframework.test.context.web.WebTestContextBootstrapper getTestExecutionListeners
INFO: Using TestExecutionListeners: [org.springframework.test.context.web.ServletTestExecutionListener@36f6e879, org.springframework.test.context.support.DependencyInjectionTestExecutionListener@5a61f5df, org.springframework.test.context.support.DirtiesContextTestExecutionListener@3551a94]
</system-err>
  </testcase>
</testsuite>